RUN	computerdatabase.WebposSimulation	webpossimulation	1657192313949	 	3.7.6
USER	product-cart	START	1657192315469
USER	product-cart	START	1657192315469
USER	product-cart	START	1657192315466
USER	product-cart	START	1657192315469
USER	product-cart	START	1657192315467
USER	product-cart	START	1657192315468
USER	product-cart	START	1657192315466
USER	product-cart	START	1657192315468
USER	product-cart	START	1657192315468
USER	product-cart	START	1657192315470
USER	product-cart	START	1657192316128
USER	product-cart	START	1657192316128
USER	product-cart	START	1657192316128
USER	product-cart	START	1657192316128
USER	product-cart	START	1657192316128
USER	product-cart	START	1657192316128
USER	product-cart	START	1657192316128
USER	product-cart	START	1657192316128
USER	product-cart	START	1657192316129
USER	product-cart	START	1657192316129
USER	product-cart	START	1657192316129
USER	product-cart	START	1657192316129
USER	product-cart	START	1657192316129
USER	product-cart	START	1657192316129
USER	product-cart	START	1657192316129
USER	product-cart	START	1657192316130
USER	product-cart	START	1657192316127
USER	product-cart	START	1657192316130
USER	product-cart	START	1657192316130
USER	product-cart	START	1657192316130
USER	product-cart	START	1657192316130
USER	product-cart	START	1657192316130
USER	product-cart	START	1657192316128
USER	product-cart	START	1657192316131
USER	product-cart	START	1657192316131
USER	product-cart	START	1657192316131
USER	product-cart	START	1657192316131
USER	product-cart	START	1657192316131
USER	product-cart	START	1657192316131
USER	product-cart	START	1657192316131
USER	product-cart	START	1657192316132
USER	product-cart	START	1657192316132
USER	product-cart	START	1657192316132
USER	product-cart	START	1657192316132
USER	product-cart	START	1657192316132
USER	product-cart	START	1657192316132
USER	product-cart	START	1657192316132
USER	product-cart	START	1657192316133
USER	product-cart	START	1657192316133
USER	product-cart	START	1657192316133
USER	product-cart	START	1657192316133
USER	product-cart	START	1657192316133
USER	product-cart	START	1657192316133
USER	product-cart	START	1657192316133
USER	product-cart	START	1657192316134
USER	product-cart	START	1657192316134
USER	product-cart	START	1657192316134
USER	product-cart	START	1657192316134
USER	product-cart	START	1657192316134
USER	product-cart	START	1657192316134
USER	product-cart	START	1657192316135
USER	product-cart	START	1657192316135
USER	product-cart	START	1657192316135
USER	product-cart	START	1657192316135
USER	product-cart	START	1657192316135
USER	product-cart	START	1657192316135
USER	product-cart	START	1657192316135
USER	product-cart	START	1657192316136
USER	product-cart	START	1657192316136
USER	product-cart	START	1657192316136
USER	product-cart	START	1657192316130
USER	product-cart	START	1657192316136
USER	product-cart	START	1657192316136
USER	product-cart	START	1657192316136
USER	product-cart	START	1657192316137
USER	product-cart	START	1657192316137
USER	product-cart	START	1657192316137
USER	product-cart	START	1657192316131
USER	product-cart	START	1657192316137
USER	product-cart	START	1657192316138
USER	product-cart	START	1657192316137
USER	product-cart	START	1657192316138
USER	product-cart	START	1657192316138
USER	product-cart	START	1657192316138
USER	product-cart	START	1657192316137
USER	product-cart	START	1657192316138
USER	product-cart	START	1657192316139
USER	product-cart	START	1657192316139
USER	product-cart	START	1657192316139
USER	product-cart	START	1657192316139
USER	product-cart	START	1657192316139
USER	product-cart	START	1657192316139
USER	product-cart	START	1657192316139
USER	product-cart	START	1657192316135
USER	product-cart	START	1657192316140
USER	product-cart	START	1657192316140
USER	product-cart	START	1657192316141
USER	product-cart	START	1657192316141
USER	product-cart	START	1657192316142
USER	product-cart	START	1657192316142
USER	product-cart	START	1657192316136
USER	product-cart	START	1657192316143
USER	product-cart	START	1657192316140
USER	product-cart	START	1657192316144
USER	product-cart	START	1657192316144
USER	product-cart	START	1657192316137
USER	product-cart	START	1657192316144
USER	product-cart	START	1657192316145
USER	product-cart	START	1657192316145
USER	product-cart	START	1657192316146
USER	product-cart	START	1657192316147
USER	product-cart	START	1657192316145
USER	product-cart	START	1657192316147
USER	product-cart	START	1657192316140
USER	product-cart	START	1657192316148
USER	product-cart	START	1657192316147
USER	product-cart	START	1657192316148
USER	product-cart	START	1657192316149
USER	product-cart	START	1657192315469
USER	product-cart	START	1657192315468
USER	product-cart	START	1657192316150
USER	product-cart	START	1657192316150
USER	product-cart	START	1657192316150
USER	product-cart	START	1657192316152
USER	product-cart	START	1657192316150
USER	product-cart	START	1657192316151
USER	product-cart	START	1657192316150
USER	product-cart	START	1657192315467
USER	product-cart	START	1657192316153
USER	product-cart	START	1657192316154
USER	product-cart	START	1657192316154
USER	product-cart	START	1657192316154
USER	product-cart	START	1657192316155
USER	product-cart	START	1657192316155
USER	product-cart	START	1657192316155
USER	product-cart	START	1657192315466
USER	product-cart	START	1657192316156
USER	product-cart	START	1657192316156
USER	product-cart	START	1657192316156
USER	product-cart	START	1657192316156
USER	product-cart	START	1657192315468
USER	product-cart	START	1657192316157
USER	product-cart	START	1657192316157
USER	product-cart	START	1657192316157
USER	product-cart	START	1657192316157
USER	product-cart	START	1657192315468
USER	product-cart	START	1657192316158
USER	product-cart	START	1657192316158
USER	product-cart	START	1657192316158
USER	product-cart	START	1657192316158
USER	product-cart	START	1657192316159
USER	product-cart	START	1657192316159
USER	product-cart	START	1657192316159
USER	product-cart	START	1657192316160
USER	product-cart	START	1657192316160
USER	product-cart	START	1657192316160
USER	product-cart	START	1657192316160
USER	product-cart	START	1657192316160
USER	product-cart	START	1657192316160
USER	product-cart	START	1657192316160
USER	product-cart	START	1657192316162
USER	product-cart	START	1657192316162
USER	product-cart	START	1657192316162
USER	product-cart	START	1657192316162
USER	product-cart	START	1657192316162
USER	product-cart	START	1657192316163
USER	product-cart	START	1657192316163
USER	product-cart	START	1657192316163
USER	product-cart	START	1657192316163
USER	product-cart	START	1657192316163
USER	product-cart	START	1657192316164
USER	product-cart	START	1657192316164
USER	product-cart	START	1657192316164
USER	product-cart	START	1657192316164
USER	product-cart	START	1657192316164
USER	product-cart	START	1657192316166
USER	product-cart	START	1657192316166
USER	product-cart	START	1657192316166
USER	product-cart	START	1657192316166
USER	product-cart	START	1657192316167
USER	product-cart	START	1657192316167
USER	product-cart	START	1657192316167
USER	product-cart	START	1657192316168
USER	product-cart	START	1657192316168
USER	product-cart	START	1657192316170
USER	product-cart	START	1657192316170
USER	product-cart	START	1657192316171
USER	product-cart	START	1657192316172
USER	product-cart	START	1657192316173
USER	product-cart	START	1657192316171
USER	product-cart	START	1657192316175
USER	product-cart	START	1657192316175
USER	product-cart	START	1657192316176
USER	product-cart	START	1657192316176
USER	product-cart	START	1657192316177
USER	product-cart	START	1657192316179
USER	product-cart	START	1657192316180
USER	product-cart	START	1657192316182
USER	product-cart	START	1657192316183
USER	product-cart	START	1657192316185
REQUEST		list products	1657192316137	1657192316242	OK	 
REQUEST		list products	1657192315572	1657192316237	OK	 
REQUEST		list products	1657192316139	1657192316262	OK	 
REQUEST		list products	1657192315572	1657192316256	OK	 
REQUEST		list products	1657192315572	1657192316270	OK	 
REQUEST		list products	1657192315573	1657192316271	OK	 
REQUEST		list products	1657192316130	1657192316273	OK	 
REQUEST		list products	1657192316129	1657192316274	OK	 
REQUEST		list products	1657192315572	1657192316275	OK	 
REQUEST		list products	1657192315572	1657192316276	OK	 
REQUEST		list products	1657192316129	1657192316276	OK	 
REQUEST		list products	1657192316128	1657192316277	OK	 
REQUEST		list products	1657192315572	1657192316277	OK	 
REQUEST		list products	1657192316152	1657192316278	OK	 
REQUEST		list products	1657192316131	1657192316278	OK	 
REQUEST		list products	1657192316157	1657192316279	OK	 
REQUEST		list products	1657192316161	1657192316281	OK	 
REQUEST		list products	1657192316134	1657192316286	OK	 
REQUEST		list products	1657192316130	1657192316287	OK	 
REQUEST		list products	1657192316136	1657192316288	OK	 
REQUEST		list products	1657192315572	1657192316290	OK	 
REQUEST		list products	1657192316130	1657192316290	OK	 
REQUEST		list products	1657192316159	1657192316291	OK	 
REQUEST		list products	1657192315572	1657192316295	OK	 
REQUEST		list products	1657192316132	1657192316296	OK	 
REQUEST		list products	1657192316132	1657192316298	OK	 
REQUEST		list products	1657192316133	1657192316298	OK	 
REQUEST		list products	1657192316131	1657192316299	OK	 
REQUEST		list products	1657192316135	1657192316299	OK	 
REQUEST		list products	1657192316131	1657192316299	OK	 
REQUEST		list products	1657192316129	1657192316300	OK	 
REQUEST		list products	1657192316137	1657192316301	OK	 
REQUEST		list products	1657192316133	1657192316302	OK	 
REQUEST		list products	1657192316138	1657192316302	OK	 
REQUEST		list products	1657192316138	1657192316303	OK	 
REQUEST		list products	1657192316135	1657192316303	OK	 
REQUEST		list products	1657192316131	1657192316305	OK	 
REQUEST		list products	1657192316137	1657192316332	OK	 
REQUEST		list products	1657192316148	1657192316332	OK	 
REQUEST		list products	1657192316135	1657192316333	OK	 
REQUEST		list products	1657192316139	1657192316334	OK	 
REQUEST		list products	1657192316155	1657192316339	OK	 
REQUEST		list products	1657192316160	1657192316339	OK	 
REQUEST		list products	1657192316163	1657192316341	OK	 
REQUEST		list products	1657192316145	1657192316341	OK	 
REQUEST		list products	1657192316166	1657192316342	OK	 
REQUEST		list products	1657192316162	1657192316344	OK	 
REQUEST		list products	1657192316133	1657192316344	OK	 
REQUEST		list products	1657192316144	1657192316345	OK	 
REQUEST		list products	1657192316161	1657192316345	OK	 
REQUEST		list products	1657192316130	1657192316345	OK	 
REQUEST		list products	1657192316157	1657192316346	OK	 
REQUEST		list products	1657192316136	1657192316346	OK	 
REQUEST		list products	1657192316142	1657192316346	OK	 
REQUEST		list products	1657192316155	1657192316346	OK	 
REQUEST		list products	1657192316163	1657192316347	OK	 
REQUEST		list products	1657192316142	1657192316347	OK	 
REQUEST		list products	1657192316151	1657192316347	OK	 
REQUEST		list products	1657192316139	1657192316347	OK	 
REQUEST		list products	1657192316154	1657192316347	OK	 
REQUEST		list products	1657192316129	1657192316348	OK	 
REQUEST		list products	1657192316166	1657192316348	OK	 
REQUEST		list products	1657192316131	1657192316348	OK	 
REQUEST		list products	1657192316158	1657192316348	OK	 
REQUEST		list products	1657192316140	1657192316365	OK	 
REQUEST		list products	1657192316159	1657192316365	OK	 
REQUEST		list products	1657192316159	1657192316365	OK	 
REQUEST		list products	1657192316150	1657192316366	OK	 
REQUEST		list products	1657192316135	1657192316366	OK	 
REQUEST		list products	1657192316158	1657192316367	OK	 
REQUEST		list products	1657192316161	1657192316366	OK	 
REQUEST		list products	1657192316180	1657192316367	OK	 
REQUEST		list products	1657192316137	1657192316372	OK	 
REQUEST		list products	1657192316172	1657192316372	OK	 
REQUEST		list products	1657192316167	1657192316372	OK	 
REQUEST		list products	1657192316165	1657192316372	OK	 
REQUEST		list products	1657192316170	1657192316373	OK	 
REQUEST		list products	1657192316166	1657192316373	OK	 
REQUEST		list products	1657192316135	1657192316375	OK	 
REQUEST		list products	1657192316167	1657192316375	OK	 
REQUEST		list products	1657192316140	1657192316375	OK	 
REQUEST		list products	1657192316182	1657192316375	OK	 
REQUEST		list products	1657192316132	1657192316376	OK	 
REQUEST		list products	1657192316146	1657192316376	OK	 
REQUEST		list products	1657192316160	1657192316376	OK	 
REQUEST		list products	1657192316136	1657192316376	OK	 
REQUEST		list products	1657192316163	1657192316376	OK	 
REQUEST		list products	1657192316160	1657192316376	OK	 
REQUEST		list products	1657192315572	1657192316378	OK	 
REQUEST		list products	1657192316157	1657192316378	OK	 
REQUEST		list products	1657192316162	1657192316378	OK	 
REQUEST		list products	1657192316141	1657192316378	OK	 
REQUEST		list products	1657192316145	1657192316379	OK	 
REQUEST		list products	1657192316167	1657192316380	OK	 
REQUEST		list products	1657192316185	1657192316380	OK	 
REQUEST		list products	1657192316141	1657192316380	OK	 
REQUEST		list products	1657192315572	1657192316400	OK	 
REQUEST		list products	1657192316128	1657192316400	OK	 
REQUEST		list products	1657192316143	1657192316401	OK	 
REQUEST		list products	1657192316139	1657192316403	OK	 
REQUEST		list products	1657192315572	1657192316403	OK	 
REQUEST		list products	1657192316151	1657192316404	OK	 
REQUEST		list products	1657192316154	1657192316405	OK	 
REQUEST		list products	1657192316155	1657192316406	OK	 
REQUEST		list products	1657192316147	1657192316406	OK	 
REQUEST		list products	1657192316157	1657192316408	OK	 
REQUEST		list products	1657192316137	1657192316408	OK	 
REQUEST		list products	1657192316129	1657192316412	OK	 
REQUEST		list products	1657192316130	1657192316412	OK	 
REQUEST		list products	1657192316175	1657192316414	OK	 
REQUEST		list products	1657192316172	1657192316414	OK	 
REQUEST		list products	1657192316128	1657192316415	OK	 
REQUEST		list products	1657192316132	1657192316416	OK	 
REQUEST		list products	1657192316132	1657192316417	OK	 
REQUEST		list products	1657192316179	1657192316417	OK	 
REQUEST		list products	1657192316128	1657192316418	OK	 
REQUEST		list products	1657192316138	1657192316426	OK	 
REQUEST		list products	1657192316153	1657192316427	OK	 
REQUEST		list products	1657192316128	1657192316427	OK	 
REQUEST		list products	1657192316172	1657192316432	OK	 
REQUEST		list products	1657192316139	1657192316433	OK	 
REQUEST		list products	1657192316146	1657192316433	OK	 
REQUEST		list products	1657192316128	1657192316434	OK	 
REQUEST		list products	1657192316136	1657192316435	OK	 
REQUEST		list products	1657192316137	1657192316435	OK	 
REQUEST		list products	1657192316176	1657192316435	OK	 
REQUEST		list products	1657192315575	1657192316437	OK	 
REQUEST		list products	1657192316131	1657192316438	OK	 
REQUEST		list products	1657192316135	1657192316438	OK	 
REQUEST		list products	1657192316169	1657192316439	OK	 
REQUEST		list products	1657192316130	1657192316439	OK	 
REQUEST		list products	1657192316129	1657192316440	OK	 
REQUEST		list products	1657192316131	1657192316440	OK	 
REQUEST		list products	1657192316133	1657192316441	OK	 
REQUEST		list products	1657192316138	1657192316441	OK	 
REQUEST		list products	1657192316145	1657192316441	OK	 
REQUEST		list products	1657192316131	1657192316443	OK	 
REQUEST		list products	1657192315572	1657192316445	OK	 
REQUEST		list products	1657192316139	1657192316446	OK	 
REQUEST		list products	1657192316154	1657192316453	OK	 
REQUEST		list products	1657192316157	1657192316454	OK	 
REQUEST		list products	1657192316133	1657192316454	OK	 
REQUEST		list products	1657192315572	1657192316454	OK	 
REQUEST		list products	1657192315572	1657192316454	OK	 
REQUEST		list products	1657192316158	1657192316455	OK	 
REQUEST		list products	1657192316134	1657192316455	OK	 
REQUEST		list products	1657192316132	1657192316455	OK	 
REQUEST		list products	1657192316138	1657192316455	OK	 
REQUEST		list products	1657192316161	1657192316456	OK	 
REQUEST		list products	1657192316132	1657192316456	OK	 
REQUEST		list products	1657192316136	1657192316456	OK	 
REQUEST		list products	1657192316165	1657192316459	OK	 
REQUEST		list products	1657192316165	1657192316458	OK	 
REQUEST		list products	1657192316158	1657192316459	OK	 
REQUEST		list products	1657192316143	1657192316460	OK	 
REQUEST		list products	1657192316163	1657192316460	OK	 
REQUEST		list products	1657192316165	1657192316461	OK	 
REQUEST		list products	1657192316129	1657192316468	OK	 
REQUEST		list products	1657192316141	1657192316468	OK	 
REQUEST		list products	1657192316178	1657192316471	OK	 
REQUEST		list products	1657192316146	1657192316472	OK	 
REQUEST		list products	1657192316169	1657192316471	OK	 
REQUEST		list products	1657192316162	1657192316472	OK	 
REQUEST		list products	1657192316128	1657192316473	OK	 
REQUEST		list products	1657192316150	1657192316475	OK	 
REQUEST		list products	1657192316165	1657192316482	OK	 
REQUEST		list products	1657192316147	1657192316484	OK	 
REQUEST		list products	1657192316160	1657192316485	OK	 
REQUEST		list products	1657192316134	1657192316485	OK	 
REQUEST		list products	1657192316141	1657192316486	OK	 
REQUEST		list products	1657192316149	1657192316485	OK	 
REQUEST		list products	1657192316128	1657192316486	OK	 
REQUEST		list products	1657192316138	1657192316486	OK	 
REQUEST		list products	1657192316176	1657192316489	OK	 
REQUEST		list products	1657192316132	1657192316489	OK	 
REQUEST		list products	1657192316136	1657192316492	OK	 
REQUEST		list products	1657192316161	1657192316493	OK	 
REQUEST		list products	1657192316162	1657192316493	OK	 
REQUEST		list products	1657192316155	1657192316497	OK	 
REQUEST		list products	1657192316163	1657192316497	OK	 
REQUEST		list products	1657192316173	1657192316499	OK	 
REQUEST		list products	1657192316134	1657192316502	OK	 
REQUEST		list products	1657192316149	1657192316503	OK	 
REQUEST		list products	1657192316140	1657192316504	OK	 
REQUEST		list products	1657192316148	1657192316504	OK	 
REQUEST		list products	1657192316153	1657192316506	OK	 
REQUEST		list products	1657192316170	1657192316506	OK	 
REQUEST		list products	1657192316183	1657192316509	OK	 
REQUEST		list products	1657192316138	1657192316510	OK	 
REQUEST		list products	1657192316133	1657192316510	OK	 
REQUEST		list products	1657192316143	1657192316512	OK	 
REQUEST		list products	1657192316175	1657192316514	OK	 
REQUEST		list products	1657192316135	1657192316515	OK	 
REQUEST		list products	1657192316130	1657192316515	OK	 
REQUEST		list products	1657192316139	1657192316516	OK	 
REQUEST		list products	1657192316162	1657192316520	OK	 
REQUEST		list products	1657192316134	1657192316520	OK	 
REQUEST		list products	1657192316156	1657192316521	OK	 
REQUEST		list products	1657192316166	1657192316521	OK	 
REQUEST		list products	1657192316133	1657192316522	OK	 
REQUEST		add product	1657192317288	1657192318015	OK	 
REQUEST		add product	1657192317302	1657192318015	OK	 
REQUEST		add product	1657192317270	1657192318015	OK	 
REQUEST		add product	1657192317288	1657192318015	OK	 
REQUEST		add product	1657192317287	1657192318015	OK	 
REQUEST		add product	1657192317286	1657192318025	OK	 
REQUEST		add product	1657192317301	1657192318032	OK	 
REQUEST		add product	1657192317302	1657192318040	OK	 
REQUEST		add product	1657192317270	1657192318160	OK	 
REQUEST		add product	1657192317287	1657192318161	OK	 
REQUEST		add product	1657192317317	1657192318169	OK	 
REQUEST		add product	1657192317286	1657192318260	OK	 
REQUEST		add product	1657192317286	1657192318289	OK	 
REQUEST		add product	1657192317302	1657192318331	OK	 
REQUEST		add product	1657192317301	1657192318371	OK	 
REQUEST		add product	1657192317287	1657192318371	OK	 
REQUEST		add product	1657192317380	1657192318465	OK	 
REQUEST		add product	1657192317287	1657192318466	OK	 
REQUEST		add product	1657192317382	1657192318467	OK	 
REQUEST		add product	1657192317302	1657192318467	OK	 
REQUEST		add product	1657192317382	1657192318468	OK	 
REQUEST		add product	1657192317318	1657192318469	OK	 
REQUEST		add product	1657192317301	1657192318469	OK	 
REQUEST		add product	1657192317285	1657192318470	OK	 
REQUEST		add product	1657192317302	1657192318479	OK	 
REQUEST		add product	1657192317301	1657192318482	OK	 
REQUEST		add product	1657192317302	1657192318484	OK	 
REQUEST		add product	1657192317285	1657192318486	OK	 
REQUEST		add product	1657192317317	1657192318486	OK	 
REQUEST		add product	1657192317286	1657192318487	OK	 
REQUEST		add product	1657192317317	1657192318487	OK	 
REQUEST		add product	1657192317287	1657192318487	OK	 
REQUEST		add product	1657192317301	1657192318488	OK	 
REQUEST		add product	1657192317302	1657192318492	OK	 
REQUEST		add product	1657192317318	1657192318494	OK	 
REQUEST		add product	1657192317317	1657192318494	OK	 
REQUEST		add product	1657192317301	1657192318512	OK	 
REQUEST		add product	1657192317270	1657192318513	OK	 
REQUEST		add product	1657192317349	1657192318513	OK	 
REQUEST		add product	1657192317410	1657192318513	OK	 
REQUEST		add product	1657192317348	1657192318515	OK	 
REQUEST		add product	1657192317502	1657192318516	OK	 
REQUEST		add product	1657192317471	1657192318516	OK	 
REQUEST		add product	1657192317348	1657192318517	OK	 
REQUEST		add product	1657192317348	1657192318517	OK	 
REQUEST		add product	1657192317471	1657192318518	OK	 
REQUEST		add product	1657192317348	1657192318526	OK	 
REQUEST		add product	1657192317350	1657192318528	OK	 
REQUEST		add product	1657192317349	1657192318530	OK	 
REQUEST		add product	1657192317348	1657192318531	OK	 
REQUEST		add product	1657192317349	1657192318531	OK	 
REQUEST		add product	1657192317348	1657192318532	OK	 
REQUEST		add product	1657192317425	1657192318532	OK	 
REQUEST		add product	1657192317348	1657192318532	OK	 
REQUEST		add product	1657192317349	1657192318533	OK	 
REQUEST		add product	1657192317410	1657192318533	OK	 
REQUEST		add product	1657192317271	1657192318545	OK	 
REQUEST		add product	1657192317425	1657192318571	OK	 
REQUEST		add product	1657192317426	1657192318573	OK	 
REQUEST		add product	1657192317365	1657192318577	OK	 
REQUEST		add product	1657192317457	1657192318581	OK	 
REQUEST		add product	1657192317349	1657192318581	OK	 
REQUEST		add product	1657192317411	1657192318584	OK	 
REQUEST		add product	1657192317456	1657192318584	OK	 
REQUEST		add product	1657192317380	1657192318585	OK	 
REQUEST		add product	1657192317501	1657192318590	OK	 
REQUEST		add product	1657192317348	1657192318591	OK	 
REQUEST		add product	1657192317471	1657192318592	OK	 
REQUEST		add product	1657192317471	1657192318592	OK	 
REQUEST		add product	1657192317348	1657192318594	OK	 
REQUEST		add product	1657192317380	1657192318595	OK	 
REQUEST		add product	1657192317349	1657192318595	OK	 
REQUEST		add product	1657192317440	1657192318596	OK	 
REQUEST		add product	1657192317487	1657192318597	OK	 
REQUEST		add product	1657192317349	1657192318597	OK	 
REQUEST		add product	1657192317425	1657192318598	OK	 
REQUEST		add product	1657192317349	1657192318598	OK	 
REQUEST		add product	1657192317410	1657192318599	OK	 
REQUEST		add product	1657192317456	1657192318640	OK	 
REQUEST		add product	1657192317456	1657192318642	OK	 
REQUEST		add product	1657192317456	1657192318643	OK	 
REQUEST		add product	1657192317380	1657192318644	OK	 
REQUEST		add product	1657192317410	1657192318644	OK	 
REQUEST		add product	1657192317410	1657192318645	OK	 
REQUEST		add product	1657192317441	1657192318646	OK	 
REQUEST		add product	1657192317442	1657192318648	OK	 
REQUEST		add product	1657192317425	1657192318649	OK	 
REQUEST		add product	1657192317349	1657192318649	OK	 
REQUEST		add product	1657192317349	1657192318649	OK	 
REQUEST		add product	1657192317471	1657192318650	OK	 
REQUEST		add product	1657192317456	1657192318650	OK	 
REQUEST		add product	1657192317440	1657192318652	OK	 
REQUEST		add product	1657192317440	1657192318653	OK	 
REQUEST		add product	1657192317457	1657192318654	OK	 
REQUEST		add product	1657192317440	1657192318655	OK	 
REQUEST		add product	1657192317456	1657192318655	OK	 
REQUEST		add product	1657192317456	1657192318656	OK	 
REQUEST		add product	1657192317440	1657192318656	OK	 
REQUEST		add product	1657192317442	1657192318657	OK	 
REQUEST		add product	1657192317486	1657192318689	OK	 
REQUEST		add product	1657192317425	1657192318721	OK	 
REQUEST		add product	1657192317365	1657192318725	OK	 
REQUEST		add product	1657192317349	1657192318726	OK	 
REQUEST		add product	1657192317440	1657192318729	OK	 
REQUEST		add product	1657192317380	1657192318734	OK	 
REQUEST		add product	1657192317381	1657192318736	OK	 
REQUEST		add product	1657192317410	1657192318736	OK	 
REQUEST		add product	1657192317380	1657192318737	OK	 
REQUEST		add product	1657192317441	1657192318742	OK	 
REQUEST		add product	1657192317380	1657192318743	OK	 
REQUEST		add product	1657192317350	1657192318744	OK	 
REQUEST		add product	1657192317440	1657192318747	OK	 
REQUEST		add product	1657192317381	1657192318748	OK	 
REQUEST		add product	1657192317456	1657192318748	OK	 
REQUEST		add product	1657192317441	1657192318750	OK	 
REQUEST		add product	1657192317381	1657192318754	OK	 
REQUEST		add product	1657192317380	1657192318755	OK	 
REQUEST		add product	1657192317486	1657192318757	OK	 
REQUEST		add product	1657192317532	1657192318757	OK	 
REQUEST		add product	1657192317381	1657192318757	OK	 
REQUEST		add product	1657192317380	1657192318757	OK	 
REQUEST		add product	1657192317381	1657192318757	OK	 
REQUEST		add product	1657192317487	1657192318758	OK	 
REQUEST		add product	1657192317471	1657192318759	OK	 
REQUEST		add product	1657192317381	1657192318760	OK	 
REQUEST		add product	1657192317380	1657192318761	OK	 
REQUEST		add product	1657192317458	1657192318761	OK	 
REQUEST		add product	1657192317381	1657192318762	OK	 
REQUEST		add product	1657192317440	1657192318764	OK	 
REQUEST		add product	1657192317349	1657192318764	OK	 
REQUEST		add product	1657192317364	1657192318794	OK	 
REQUEST		add product	1657192317380	1657192318795	OK	 
REQUEST		add product	1657192317456	1657192318804	OK	 
REQUEST		add product	1657192317517	1657192318911	OK	 
REQUEST		add product	1657192317425	1657192318911	OK	 
REQUEST		add product	1657192317383	1657192318913	OK	 
REQUEST		add product	1657192317426	1657192318917	OK	 
REQUEST		add product	1657192317486	1657192318919	OK	 
REQUEST		add product	1657192317487	1657192318932	OK	 
REQUEST		add product	1657192317501	1657192318933	OK	 
REQUEST		add product	1657192317532	1657192318934	OK	 
REQUEST		add product	1657192317381	1657192318935	OK	 
REQUEST		add product	1657192317471	1657192318969	OK	 
REQUEST		add product	1657192317457	1657192318969	OK	 
REQUEST		add product	1657192317517	1657192319005	OK	 
REQUEST		list carts	1657192319027	1657192319477	OK	 
REQUEST		list carts	1657192319027	1657192319477	OK	 
REQUEST		list carts	1657192319028	1657192319478	OK	 
REQUEST		list carts	1657192319027	1657192319480	OK	 
REQUEST		list carts	1657192319029	1657192319480	OK	 
REQUEST		list carts	1657192319027	1657192319481	OK	 
REQUEST		list carts	1657192319043	1657192319484	OK	 
REQUEST		list carts	1657192319043	1657192319484	OK	 
REQUEST		list carts	1657192319167	1657192319485	OK	 
REQUEST		list carts	1657192319293	1657192319488	OK	 
REQUEST		list carts	1657192319340	1657192319489	OK	 
REQUEST		list carts	1657192319386	1657192319490	OK	 
REQUEST		list carts	1657192319167	1657192319490	OK	 
REQUEST		list carts	1657192319386	1657192319493	OK	 
REQUEST		list carts	1657192319184	1657192319493	OK	 
REQUEST		list carts	1657192319262	1657192319493	OK	 
REQUEST		add product	1657192317380	1657192319693	OK	 
REQUEST		add product	1657192317457	1657192319694	OK	 
REQUEST		add product	1657192317425	1657192319695	OK	 
REQUEST		add product	1657192317486	1657192319696	OK	 
REQUEST		list carts	1657192319479	1657192319699	OK	 
REQUEST		list carts	1657192319478	1657192319699	OK	 
REQUEST		list carts	1657192319481	1657192319701	OK	 
REQUEST		list carts	1657192319482	1657192319704	OK	 
REQUEST		list carts	1657192319481	1657192319705	OK	 
REQUEST		list carts	1657192319481	1657192319708	OK	 
REQUEST		list carts	1657192319491	1657192319709	OK	 
REQUEST		list carts	1657192319481	1657192319710	OK	 
REQUEST		list carts	1657192319493	1657192319711	OK	 
REQUEST		list carts	1657192319482	1657192319711	OK	 
REQUEST		list carts	1657192319496	1657192319712	OK	 
REQUEST		list carts	1657192319497	1657192319715	OK	 
REQUEST		list carts	1657192319496	1657192319716	OK	 
REQUEST		list carts	1657192319496	1657192319716	OK	 
REQUEST		list carts	1657192319484	1657192319717	OK	 
REQUEST		list carts	1657192319497	1657192319718	OK	 
REQUEST		list carts	1657192319496	1657192319719	OK	 
REQUEST		list carts	1657192319497	1657192319720	OK	 
REQUEST		list carts	1657192319528	1657192319721	OK	 
REQUEST		list carts	1657192319496	1657192319721	OK	 
REQUEST		list carts	1657192319527	1657192319722	OK	 
REQUEST		list carts	1657192319528	1657192319722	OK	 
REQUEST		list carts	1657192319527	1657192319729	OK	 
REQUEST		list carts	1657192319528	1657192319730	OK	 
REQUEST		add product	1657192317457	1657192319733	OK	 
REQUEST		list carts	1657192319527	1657192319740	OK	 
REQUEST		list carts	1657192319528	1657192319743	OK	 
REQUEST		list carts	1657192319543	1657192319744	OK	 
REQUEST		list carts	1657192319528	1657192319745	OK	 
REQUEST		list carts	1657192319543	1657192319747	OK	 
REQUEST		list carts	1657192319543	1657192319749	OK	 
REQUEST		add product	1657192317471	1657192319750	OK	 
REQUEST		add product	1657192317501	1657192319754	OK	 
REQUEST		add product	1657192317382	1657192319758	OK	 
REQUEST		add product	1657192317349	1657192319765	OK	 
REQUEST		add product	1657192317441	1657192319767	OK	 
REQUEST		add product	1657192317486	1657192319767	OK	 
REQUEST		add product	1657192317457	1657192319769	OK	 
REQUEST		add product	1657192317380	1657192319772	OK	 
REQUEST		list carts	1657192319466	1657192319773	OK	 
REQUEST		list carts	1657192319543	1657192319773	OK	 
REQUEST		list carts	1657192319543	1657192319774	OK	 
REQUEST		list carts	1657192319543	1657192319775	OK	 
REQUEST		add product	1657192317411	1657192319776	OK	 
REQUEST		add product	1657192317410	1657192319778	OK	 
REQUEST		add product	1657192317518	1657192319780	OK	 
REQUEST		list carts	1657192319544	1657192319782	OK	 
REQUEST		list carts	1657192319544	1657192319787	OK	 
REQUEST		add product	1657192317532	1657192319787	OK	 
REQUEST		list carts	1657192319527	1657192319788	OK	 
REQUEST		add product	1657192317517	1657192319791	OK	 
REQUEST		list carts	1657192319528	1657192319792	OK	 
REQUEST		list carts	1657192319558	1657192319793	OK	 
REQUEST		add product	1657192317532	1657192319796	OK	 
REQUEST		list carts	1657192319573	1657192319798	OK	 
REQUEST		list carts	1657192319589	1657192319802	OK	 
REQUEST		list carts	1657192319589	1657192319804	OK	 
REQUEST		list carts	1657192319589	1657192319809	OK	 
REQUEST		list carts	1657192319544	1657192319811	OK	 
REQUEST		list carts	1657192319589	1657192319812	OK	 
REQUEST		add product	1657192317287	1657192319815	OK	 
REQUEST		list carts	1657192319589	1657192319817	OK	 
REQUEST		list carts	1657192319589	1657192319818	OK	 
REQUEST		list carts	1657192319589	1657192319820	OK	 
REQUEST		add product	1657192317517	1657192319822	OK	 
REQUEST		list carts	1657192319605	1657192319822	OK	 
REQUEST		list carts	1657192319605	1657192319823	OK	 
REQUEST		list carts	1657192319605	1657192319827	OK	 
REQUEST		add product	1657192317517	1657192319829	OK	 
REQUEST		list carts	1657192319605	1657192319830	OK	 
REQUEST		list carts	1657192319527	1657192319830	OK	 
REQUEST		list carts	1657192319605	1657192319833	OK	 
REQUEST		list carts	1657192319605	1657192319836	OK	 
REQUEST		list carts	1657192319605	1657192319838	OK	 
REQUEST		list carts	1657192319605	1657192319846	OK	 
REQUEST		list carts	1657192319605	1657192319855	OK	 
REQUEST		list carts	1657192319605	1657192319861	OK	 
REQUEST		list carts	1657192319605	1657192319867	OK	 
REQUEST		list carts	1657192319651	1657192319870	OK	 
REQUEST		list carts	1657192319652	1657192319871	OK	 
REQUEST		list carts	1657192319652	1657192319873	OK	 
REQUEST		list carts	1657192319651	1657192319877	OK	 
REQUEST		list carts	1657192319651	1657192319878	OK	 
REQUEST		list carts	1657192319652	1657192319881	OK	 
REQUEST		list carts	1657192319652	1657192319886	OK	 
REQUEST		list carts	1657192319652	1657192319889	OK	 
REQUEST		list carts	1657192319652	1657192319890	OK	 
REQUEST		list carts	1657192319651	1657192319893	OK	 
REQUEST		list carts	1657192319651	1657192319894	OK	 
REQUEST		list carts	1657192319651	1657192319898	OK	 
REQUEST		list carts	1657192319653	1657192319899	OK	 
REQUEST		list carts	1657192319667	1657192319902	OK	 
REQUEST		list carts	1657192319667	1657192319906	OK	 
REQUEST		list carts	1657192319667	1657192319907	OK	 
REQUEST		list carts	1657192319667	1657192319910	OK	 
REQUEST		list carts	1657192319605	1657192319910	OK	 
REQUEST		list carts	1657192319668	1657192319913	OK	 
REQUEST		list carts	1657192319668	1657192319914	OK	 
REQUEST		list carts	1657192319668	1657192319915	OK	 
REQUEST		list carts	1657192319699	1657192319915	OK	 
REQUEST		list carts	1657192319668	1657192319921	OK	 
REQUEST		list carts	1657192319730	1657192319923	OK	 
REQUEST		list carts	1657192319605	1657192319924	OK	 
REQUEST		list carts	1657192319729	1657192319924	OK	 
REQUEST		list carts	1657192319730	1657192319927	OK	 
REQUEST		list carts	1657192319746	1657192319928	OK	 
REQUEST		list carts	1657192319746	1657192319930	OK	 
REQUEST		list carts	1657192319746	1657192319932	OK	 
REQUEST		list carts	1657192319746	1657192319935	OK	 
REQUEST		list carts	1657192319746	1657192319938	OK	 
REQUEST		list carts	1657192319746	1657192319941	OK	 
REQUEST		list carts	1657192319759	1657192319943	OK	 
REQUEST		list carts	1657192319760	1657192319946	OK	 
REQUEST		list carts	1657192319760	1657192319948	OK	 
REQUEST		list carts	1657192319761	1657192319950	OK	 
REQUEST		list carts	1657192319761	1657192319953	OK	 
REQUEST		list carts	1657192319761	1657192319957	OK	 
REQUEST		list carts	1657192319761	1657192319958	OK	 
REQUEST		list carts	1657192319746	1657192319959	OK	 
REQUEST		list carts	1657192319761	1657192319965	OK	 
REQUEST		list carts	1657192319762	1657192319966	OK	 
REQUEST		list carts	1657192319760	1657192319971	OK	 
REQUEST		list carts	1657192319762	1657192319971	OK	 
REQUEST		list carts	1657192319761	1657192319972	OK	 
REQUEST		list carts	1657192319767	1657192319976	OK	 
REQUEST		list carts	1657192319774	1657192319977	OK	 
REQUEST		list carts	1657192319774	1657192319982	OK	 
REQUEST		list carts	1657192319776	1657192319983	OK	 
REQUEST		list carts	1657192319797	1657192319985	OK	 
REQUEST		list carts	1657192319776	1657192319987	OK	 
REQUEST		list carts	1657192319776	1657192319988	OK	 
REQUEST		list carts	1657192319807	1657192319991	OK	 
REQUEST		list carts	1657192319807	1657192319996	OK	 
REQUEST		list carts	1657192319916	1657192319997	OK	 
REQUEST		list carts	1657192319760	1657192320000	OK	 
REQUEST		list carts	1657192319916	1657192320000	OK	 
REQUEST		list carts	1657192319916	1657192320001	OK	 
REQUEST		list carts	1657192319931	1657192320005	OK	 
REQUEST		list carts	1657192319938	1657192320007	OK	 
REQUEST		list carts	1657192319931	1657192320008	OK	 
REQUEST		list carts	1657192319947	1657192320016	OK	 
REQUEST		list carts	1657192319947	1657192320017	OK	 
REQUEST		list carts	1657192319979	1657192320034	OK	 
REQUEST		list carts	1657192320009	1657192320041	OK	 
REQUEST		list carts	1657192319978	1657192320068	OK	 
REQUEST		list carts	1657192319947	1657192320096	OK	 
REQUEST		list carts	1657192319731	1657192320121	OK	 
REQUEST		add product	1657192317458	1657192320156	OK	 
REQUEST		add product	1657192317382	1657192320161	OK	 
REQUEST		add product	1657192317381	1657192320162	OK	 
REQUEST		add product	1657192317382	1657192320162	OK	 
REQUEST		add product	1657192317380	1657192320163	OK	 
REQUEST		add product	1657192317457	1657192320174	OK	 
REQUEST		add product	1657192317380	1657192320180	OK	 
REQUEST		add product	1657192317380	1657192320203	OK	 
REQUEST		add product	1657192317381	1657192320265	OK	 
REQUEST		add product	1657192317501	1657192320292	OK	 
REQUEST		add product	1657192317502	1657192320327	OK	 
REQUEST		add product	1657192317501	1657192320331	OK	 
REQUEST		add product	1657192317501	1657192320337	OK	 
REQUEST		add product	1657192317502	1657192320339	OK	 
REQUEST		add product	1657192317501	1657192320343	OK	 
REQUEST		add product	1657192317486	1657192320346	OK	 
REQUEST		add product	1657192317440	1657192320347	OK	 
REQUEST		add product	1657192317471	1657192320358	OK	 
REQUEST		add product	1657192317501	1657192320358	OK	 
REQUEST		add product	1657192317410	1657192320359	OK	 
REQUEST		add product	1657192317410	1657192320360	OK	 
REQUEST		add product	1657192317486	1657192320365	OK	 
REQUEST		add product	1657192317517	1657192320373	OK	 
REQUEST		add product	1657192317518	1657192320373	OK	 
REQUEST		add product	1657192317532	1657192320374	OK	 
REQUEST		add product	1657192317501	1657192320375	OK	 
REQUEST		add product	1657192317456	1657192320375	OK	 
REQUEST		add product	1657192317517	1657192320380	OK	 
REQUEST		add product	1657192317517	1657192320383	OK	 
REQUEST		add product	1657192317517	1657192320384	OK	 
REQUEST		add product	1657192317532	1657192320387	OK	 
REQUEST		add product	1657192317517	1657192320388	OK	 
REQUEST		add product	1657192317517	1657192320389	OK	 
REQUEST		checkout	1657192320485	1657192320512	OK	 
REQUEST		checkout	1657192320484	1657192320513	OK	 
REQUEST		checkout	1657192320484	1657192320514	OK	 
REQUEST		checkout	1657192320484	1657192320515	OK	 
REQUEST		checkout	1657192320484	1657192320516	OK	 
REQUEST		checkout	1657192320484	1657192320524	OK	 
REQUEST		checkout	1657192320485	1657192320605	OK	 
REQUEST		checkout	1657192320502	1657192320606	OK	 
REQUEST		checkout	1657192320501	1657192320607	OK	 
REQUEST		checkout	1657192320502	1657192320620	OK	 
REQUEST		checkout	1657192320500	1657192320624	OK	 
REQUEST		checkout	1657192320502	1657192320625	OK	 
REQUEST		checkout	1657192320503	1657192320626	OK	 
REQUEST		checkout	1657192320503	1657192320626	OK	 
REQUEST		checkout	1657192320500	1657192320627	OK	 
REQUEST		checkout	1657192320500	1657192320632	OK	 
REQUEST		list carts	1657192320702	1657192320736	OK	 
REQUEST		checkout	1657192320702	1657192320741	OK	 
REQUEST		checkout	1657192320703	1657192320743	OK	 
REQUEST		list carts	1657192320702	1657192320746	OK	 
REQUEST		checkout	1657192320717	1657192320751	OK	 
REQUEST		list carts	1657192320702	1657192320755	OK	 
REQUEST		checkout	1657192320717	1657192320758	OK	 
REQUEST		checkout	1657192320702	1657192320761	OK	 
REQUEST		checkout	1657192320721	1657192320770	OK	 
REQUEST		checkout	1657192320718	1657192320787	OK	 
REQUEST		list carts	1657192320702	1657192320789	OK	 
REQUEST		checkout	1657192320722	1657192320806	OK	 
REQUEST		checkout	1657192320717	1657192320815	OK	 
REQUEST		checkout	1657192320719	1657192320816	OK	 
REQUEST		checkout	1657192320718	1657192320830	OK	 
REQUEST		checkout	1657192320719	1657192320849	OK	 
REQUEST		checkout	1657192320722	1657192320850	OK	 
REQUEST		checkout	1657192320733	1657192320880	OK	 
REQUEST		checkout	1657192320720	1657192320882	OK	 
REQUEST		checkout	1657192320717	1657192320882	OK	 
REQUEST		checkout	1657192320734	1657192320965	OK	 
REQUEST		checkout	1657192320734	1657192320969	OK	 
REQUEST		checkout	1657192320748	1657192321018	OK	 
REQUEST		checkout	1657192320733	1657192321018	OK	 
REQUEST		checkout	1657192320749	1657192321026	OK	 
REQUEST		checkout	1657192320749	1657192321041	OK	 
REQUEST		checkout	1657192320733	1657192321042	OK	 
REQUEST		checkout	1657192320749	1657192321053	OK	 
REQUEST		checkout	1657192320748	1657192321055	OK	 
REQUEST		list carts	1657192320749	1657192321061	OK	 
REQUEST		list carts	1657192320764	1657192321065	OK	 
REQUEST		list carts	1657192320763	1657192321070	OK	 
REQUEST		list carts	1657192320770	1657192321074	OK	 
REQUEST		checkout	1657192320733	1657192321114	OK	 
REQUEST		list carts	1657192320771	1657192321119	OK	 
REQUEST		list carts	1657192320779	1657192321123	OK	 
REQUEST		checkout	1657192320779	1657192321131	OK	 
REQUEST		checkout	1657192320779	1657192321143	OK	 
REQUEST		checkout	1657192320779	1657192321147	OK	 
REQUEST		list carts	1657192320779	1657192321159	OK	 
REQUEST		list carts	1657192320780	1657192321167	OK	 
REQUEST		list carts	1657192320779	1657192321167	OK	 
REQUEST		list carts	1657192320780	1657192321169	OK	 
REQUEST		checkout	1657192320790	1657192321172	OK	 
REQUEST		checkout	1657192320795	1657192321177	OK	 
REQUEST		checkout	1657192320816	1657192321183	OK	 
REQUEST		checkout	1657192320809	1657192321196	OK	 
REQUEST		checkout	1657192320825	1657192321204	OK	 
REQUEST		checkout	1657192320825	1657192321205	OK	 
REQUEST		checkout	1657192320825	1657192321227	OK	 
REQUEST		checkout	1657192320795	1657192321230	OK	 
REQUEST		checkout	1657192320809	1657192321238	OK	 
REQUEST		list carts	1657192320795	1657192321246	OK	 
REQUEST		list carts	1657192320816	1657192321247	OK	 
REQUEST		checkout	1657192320825	1657192321253	OK	 
REQUEST		list carts	1657192320809	1657192321255	OK	 
REQUEST		list carts	1657192320795	1657192321269	OK	 
REQUEST		list carts	1657192320840	1657192321278	OK	 
REQUEST		list carts	1657192320825	1657192321282	OK	 
REQUEST		checkout	1657192320871	1657192321284	OK	 
REQUEST		checkout	1657192320795	1657192321285	OK	 
REQUEST		checkout	1657192320857	1657192321290	OK	 
REQUEST		checkout	1657192320856	1657192321295	OK	 
REQUEST		checkout	1657192320871	1657192321296	OK	 
REQUEST		checkout	1657192320871	1657192321307	OK	 
REQUEST		checkout	1657192320887	1657192321323	OK	 
REQUEST		checkout	1657192320887	1657192321328	OK	 
REQUEST		checkout	1657192320882	1657192321329	OK	 
REQUEST		checkout	1657192320887	1657192321329	OK	 
REQUEST		checkout	1657192320886	1657192321331	OK	 
REQUEST		checkout	1657192320886	1657192321341	OK	 
REQUEST		checkout	1657192320902	1657192321344	OK	 
REQUEST		list carts	1657192320763	1657192321367	OK	 
REQUEST		checkout	1657192320841	1657192321368	OK	 
REQUEST		checkout	1657192320733	1657192321368	OK	 
REQUEST		checkout	1657192320841	1657192321369	OK	 
REQUEST		checkout	1657192320764	1657192321374	OK	 
REQUEST		checkout	1657192320733	1657192321377	OK	 
REQUEST		checkout	1657192320825	1657192321379	OK	 
REQUEST		checkout	1657192320779	1657192321380	OK	 
REQUEST		list carts	1657192320795	1657192321385	OK	 
REQUEST		checkout	1657192320825	1657192321392	OK	 
REQUEST		checkout	1657192320902	1657192321428	OK	 
REQUEST		checkout	1657192320902	1657192321433	OK	 
REQUEST		checkout	1657192320902	1657192321435	OK	 
REQUEST		checkout	1657192320902	1657192321456	OK	 
USER	product-cart	END	1657192321523
USER	product-cart	END	1657192321523
USER	product-cart	END	1657192321523
USER	product-cart	END	1657192321523
USER	product-cart	END	1657192321523
USER	product-cart	END	1657192321535
USER	product-cart	END	1657192321611
USER	product-cart	END	1657192321611
USER	product-cart	END	1657192321612
USER	product-cart	END	1657192321627
USER	product-cart	END	1657192321627
USER	product-cart	END	1657192321627
USER	product-cart	END	1657192321628
USER	product-cart	END	1657192321642
USER	product-cart	END	1657192321642
USER	product-cart	END	1657192321647
USER	product-cart	END	1657192321751
USER	product-cart	END	1657192321752
USER	product-cart	END	1657192321753
USER	product-cart	END	1657192321768
USER	product-cart	END	1657192321768
USER	product-cart	END	1657192321782
REQUEST		checkout	1657192320902	1657192321797	OK	 
USER	product-cart	END	1657192321797
USER	product-cart	END	1657192321812
USER	product-cart	END	1657192321828
USER	product-cart	END	1657192321828
REQUEST		checkout	1657192320825	1657192321839	OK	 
REQUEST		checkout	1657192320840	1657192321839	OK	 
USER	product-cart	END	1657192321843
REQUEST		checkout	1657192320841	1657192321847	OK	 
REQUEST		checkout	1657192320840	1657192321848	OK	 
REQUEST		checkout	1657192320810	1657192321848	OK	 
REQUEST		checkout	1657192320841	1657192321849	OK	 
REQUEST		checkout	1657192320933	1657192321856	OK	 
USER	product-cart	END	1657192321859
USER	product-cart	END	1657192321859
REQUEST		checkout	1657192320734	1657192321865	OK	 
REQUEST		checkout	1657192320902	1657192321867	OK	 
REQUEST		checkout	1657192320932	1657192321878	OK	 
USER	product-cart	END	1657192321889
USER	product-cart	END	1657192321890
USER	product-cart	END	1657192321892
REQUEST		checkout	1657192320917	1657192321893	OK	 
USER	product-cart	END	1657192321982
USER	product-cart	END	1657192321982
REQUEST		checkout	1657192320917	1657192322030	OK	 
REQUEST		checkout	1657192320917	1657192322032	OK	 
REQUEST		checkout	1657192320917	1657192322032	OK	 
USER	product-cart	END	1657192322028
USER	product-cart	END	1657192322028
USER	product-cart	END	1657192322028
REQUEST		checkout	1657192320917	1657192322046	OK	 
REQUEST		checkout	1657192320918	1657192322046	OK	 
REQUEST		checkout	1657192320933	1657192322050	OK	 
REQUEST		checkout	1657192320917	1657192322050	OK	 
REQUEST		checkout	1657192320933	1657192322051	OK	 
REQUEST		checkout	1657192320917	1657192322076	OK	 
REQUEST		checkout	1657192320933	1657192322077	OK	 
REQUEST		checkout	1657192320934	1657192322089	OK	 
USER	product-cart	END	1657192322043
USER	product-cart	END	1657192322043
USER	product-cart	END	1657192322058
USER	product-cart	END	1657192322065
REQUEST		checkout	1657192320948	1657192322100	OK	 
REQUEST		checkout	1657192320948	1657192322104	OK	 
REQUEST		checkout	1657192320948	1657192322121	OK	 
REQUEST		checkout	1657192320963	1657192322132	OK	 
REQUEST		checkout	1657192320979	1657192322133	OK	 
REQUEST		checkout	1657192320979	1657192322133	OK	 
REQUEST		checkout	1657192320979	1657192322134	OK	 
USER	product-cart	END	1657192322120
USER	product-cart	END	1657192322136
REQUEST		checkout	1657192320980	1657192322149	OK	 
REQUEST		checkout	1657192320995	1657192322155	OK	 
REQUEST		checkout	1657192320995	1657192322155	OK	 
REQUEST		checkout	1657192320995	1657192322155	OK	 
REQUEST		checkout	1657192320980	1657192322156	OK	 
USER	product-cart	END	1657192322155
USER	product-cart	END	1657192322156
REQUEST		checkout	1657192321010	1657192322158	OK	 
REQUEST		checkout	1657192322181	1657192322187	OK	 
USER	product-cart	END	1657192322183
USER	product-cart	END	1657192322186
REQUEST		checkout	1657192322181	1657192322191	OK	 
REQUEST		list carts	1657192321166	1657192322191	OK	 
USER	product-cart	END	1657192322191
REQUEST		list carts	1657192321179	1657192322194	OK	 
REQUEST		checkout	1657192322181	1657192322194	OK	 
REQUEST		list carts	1657192321396	1657192322202	OK	 
REQUEST		list carts	1657192321389	1657192322203	OK	 
REQUEST		checkout	1657192321797	1657192322208	OK	 
REQUEST		checkout	1657192321767	1657192322209	OK	 
USER	product-cart	END	1657192322209
USER	product-cart	END	1657192322212
USER	product-cart	END	1657192322212
REQUEST		checkout	1657192322166	1657192322217	OK	 
REQUEST		list carts	1657192321378	1657192322219	OK	 
REQUEST		checkout	1657192321751	1657192322219	OK	 
REQUEST		checkout	1657192321752	1657192322220	OK	 
USER	product-cart	END	1657192322243
USER	product-cart	END	1657192322243
USER	product-cart	END	1657192322243
USER	product-cart	END	1657192322259
REQUEST		list carts	1657192321195	1657192322268	OK	 
REQUEST		list carts	1657192321347	1657192322270	OK	 
REQUEST		list carts	1657192321211	1657192322270	OK	 
REQUEST		list carts	1657192321346	1657192322270	OK	 
REQUEST		list carts	1657192321271	1657192322271	OK	 
REQUEST		list carts	1657192321346	1657192322271	OK	 
REQUEST		list carts	1657192321362	1657192322271	OK	 
REQUEST		list carts	1657192321362	1657192322272	OK	 
REQUEST		list carts	1657192321362	1657192322272	OK	 
REQUEST		list carts	1657192321362	1657192322273	OK	 
REQUEST		list carts	1657192321374	1657192322273	OK	 
REQUEST		list carts	1657192321362	1657192322276	OK	 
REQUEST		list carts	1657192321389	1657192322277	OK	 
REQUEST		checkout	1657192321010	1657192322277	OK	 
REQUEST		checkout	1657192320963	1657192322278	OK	 
REQUEST		checkout	1657192320995	1657192322278	OK	 
REQUEST		checkout	1657192320996	1657192322280	OK	 
REQUEST		checkout	1657192321010	1657192322280	OK	 
REQUEST		checkout	1657192321009	1657192322280	OK	 
REQUEST		checkout	1657192320963	1657192322280	OK	 
REQUEST		list carts	1657192321378	1657192322281	OK	 
USER	product-cart	END	1657192322291
USER	product-cart	END	1657192322291
REQUEST		list carts	1657192321374	1657192322296	OK	 
REQUEST		list carts	1657192321387	1657192322297	OK	 
REQUEST		list carts	1657192321393	1657192322297	OK	 
REQUEST		list carts	1657192321396	1657192322297	OK	 
REQUEST		checkout	1657192320948	1657192322299	OK	 
REQUEST		checkout	1657192320963	1657192322299	OK	 
REQUEST		checkout	1657192320963	1657192322299	OK	 
REQUEST		list carts	1657192321393	1657192322300	OK	 
REQUEST		list carts	1657192321397	1657192322300	OK	 
REQUEST		checkout	1657192320948	1657192322300	OK	 
REQUEST		checkout	1657192320980	1657192322300	OK	 
USER	product-cart	END	1657192322298
USER	product-cart	END	1657192322299
USER	product-cart	END	1657192322299
REQUEST		checkout	1657192320964	1657192322301	OK	 
REQUEST		checkout	1657192320995	1657192322302	OK	 
REQUEST		checkout	1657192320948	1657192322307	OK	 
REQUEST		checkout	1657192321009	1657192322310	OK	 
REQUEST		checkout	1657192321010	1657192322311	OK	 
REQUEST		checkout	1657192320980	1657192322311	OK	 
REQUEST		checkout	1657192321010	1657192322312	OK	 
REQUEST		checkout	1657192321010	1657192322312	OK	 
REQUEST		checkout	1657192321018	1657192322313	OK	 
REQUEST		checkout	1657192321025	1657192322314	OK	 
USER	product-cart	END	1657192322314
REQUEST		checkout	1657192321040	1657192322315	OK	 
REQUEST		checkout	1657192321056	1657192322315	OK	 
REQUEST		checkout	1657192322075	1657192322316	OK	 
REQUEST		checkout	1657192322075	1657192322317	OK	 
REQUEST		checkout	1657192322089	1657192322319	OK	 
REQUEST		checkout	1657192321072	1657192322319	OK	 
REQUEST		checkout	1657192322073	1657192322319	OK	 
REQUEST		checkout	1657192322135	1657192322320	OK	 
REQUEST		checkout	1657192321102	1657192322323	OK	 
REQUEST		checkout	1657192322274	1657192322323	OK	 
REQUEST		checkout	1657192322135	1657192322323	OK	 
REQUEST		checkout	1657192320795	1657192322324	OK	 
REQUEST		list carts	1657192321164	1657192322324	OK	 
REQUEST		list carts	1657192321331	1657192322325	OK	 
REQUEST		list carts	1657192321345	1657192322326	OK	 
REQUEST		checkout	1657192321132	1657192322327	OK	 
REQUEST		list carts	1657192321300	1657192322328	OK	 
REQUEST		list carts	1657192321165	1657192322333	OK	 
REQUEST		list carts	1657192321165	1657192322334	OK	 
REQUEST		list carts	1657192321332	1657192322334	OK	 
REQUEST		list carts	1657192321180	1657192322335	OK	 
USER	product-cart	END	1657192322336
USER	product-cart	END	1657192322336
USER	product-cart	END	1657192322336
USER	product-cart	END	1657192322340
USER	product-cart	END	1657192322345
USER	product-cart	END	1657192322352
USER	product-cart	END	1657192322354
USER	product-cart	END	1657192322383
USER	product-cart	END	1657192322383
USER	product-cart	END	1657192322383
USER	product-cart	END	1657192322383
USER	product-cart	END	1657192322383
USER	product-cart	END	1657192322384
USER	product-cart	END	1657192322384
USER	product-cart	END	1657192322415
USER	product-cart	END	1657192322445
USER	product-cart	END	1657192322445
USER	product-cart	END	1657192322451
USER	product-cart	END	1657192322463
USER	product-cart	END	1657192322800
USER	product-cart	END	1657192322847
USER	product-cart	END	1657192322847
USER	product-cart	END	1657192322862
USER	product-cart	END	1657192322862
USER	product-cart	END	1657192322862
USER	product-cart	END	1657192322862
USER	product-cart	END	1657192322862
USER	product-cart	END	1657192322878
USER	product-cart	END	1657192322878
USER	product-cart	END	1657192322893
USER	product-cart	END	1657192322893
USER	product-cart	END	1657192323032
USER	product-cart	END	1657192323047
USER	product-cart	END	1657192323047
USER	product-cart	END	1657192323047
USER	product-cart	END	1657192323047
USER	product-cart	END	1657192323072
USER	product-cart	END	1657192323072
USER	product-cart	END	1657192323072
USER	product-cart	END	1657192323078
USER	product-cart	END	1657192323093
USER	product-cart	END	1657192323094
USER	product-cart	END	1657192323108
USER	product-cart	END	1657192323108
USER	product-cart	END	1657192323124
USER	product-cart	END	1657192323139
USER	product-cart	END	1657192323139
USER	product-cart	END	1657192323139
USER	product-cart	END	1657192323139
USER	product-cart	END	1657192323155
USER	product-cart	END	1657192323170
USER	product-cart	END	1657192323171
USER	product-cart	END	1657192323171
USER	product-cart	END	1657192323172
USER	product-cart	END	1657192323172
USER	product-cart	END	1657192323200
USER	product-cart	END	1657192323200
USER	product-cart	END	1657192323201
USER	product-cart	END	1657192323216
USER	product-cart	END	1657192323216
USER	product-cart	END	1657192323231
USER	product-cart	END	1657192323231
USER	product-cart	END	1657192323231
USER	product-cart	END	1657192323292
USER	product-cart	END	1657192323292
USER	product-cart	END	1657192323292
USER	product-cart	END	1657192323292
USER	product-cart	END	1657192323292
USER	product-cart	END	1657192323292
USER	product-cart	END	1657192323293
USER	product-cart	END	1657192323307
USER	product-cart	END	1657192323307
USER	product-cart	END	1657192323307
USER	product-cart	END	1657192323307
USER	product-cart	END	1657192323307
USER	product-cart	END	1657192323308
USER	product-cart	END	1657192323308
USER	product-cart	END	1657192323323
USER	product-cart	END	1657192323323
USER	product-cart	END	1657192323323
USER	product-cart	END	1657192323323
USER	product-cart	END	1657192323323
USER	product-cart	END	1657192323323
USER	product-cart	END	1657192323323
USER	product-cart	END	1657192323323
USER	product-cart	END	1657192323323
USER	product-cart	END	1657192323324
USER	product-cart	END	1657192323324
USER	product-cart	END	1657192323324
USER	product-cart	END	1657192323324
USER	product-cart	END	1657192323324
USER	product-cart	END	1657192323324
USER	product-cart	END	1657192323324
USER	product-cart	END	1657192323325
USER	product-cart	END	1657192323325
USER	product-cart	END	1657192323338
USER	product-cart	END	1657192323338
USER	product-cart	END	1657192323338
REQUEST		checkout	1657192323338	1657192325025	OK	 
REQUEST		checkout	1657192323338	1657192325027	OK	 
REQUEST		checkout	1657192323338	1657192325035	OK	 
REQUEST		checkout	1657192323231	1657192325095	OK	 
REQUEST		checkout	1657192323200	1657192325097	OK	 
REQUEST		checkout	1657192323216	1657192325098	OK	 
REQUEST		checkout	1657192322258	1657192325117	OK	 
REQUEST		checkout	1657192323216	1657192325117	OK	 
REQUEST		checkout	1657192320932	1657192326170	OK	 
REQUEST		checkout	1657192322258	1657192326171	OK	 
REQUEST		checkout	1657192322258	1657192326171	OK	 
REQUEST		checkout	1657192323325	1657192326172	OK	 
REQUEST		checkout	1657192323338	1657192326174	OK	 
REQUEST		checkout	1657192322382	1657192326175	OK	 
REQUEST		checkout	1657192323338	1657192326180	OK	 
REQUEST		checkout	1657192322413	1657192326187	OK	 
REQUEST		checkout	1657192323276	1657192326251	OK	 
REQUEST		checkout	1657192323307	1657192326262	OK	 
REQUEST		checkout	1657192323277	1657192326274	OK	 
REQUEST		checkout	1657192323277	1657192326274	OK	 
REQUEST		checkout	1657192323307	1657192326275	OK	 
REQUEST		checkout	1657192323307	1657192326275	OK	 
REQUEST		checkout	1657192323276	1657192326309	OK	 
REQUEST		checkout	1657192323276	1657192326310	OK	 
REQUEST		checkout	1657192323276	1657192326311	OK	 
REQUEST		checkout	1657192323307	1657192326311	OK	 
REQUEST		checkout	1657192323277	1657192326315	OK	 
REQUEST		checkout	1657192323277	1657192326317	OK	 
REQUEST		checkout	1657192323307	1657192326318	OK	 
REQUEST		checkout	1657192323277	1657192326398	OK	 
REQUEST		checkout	1657192323307	1657192326400	OK	 
REQUEST		checkout	1657192323277	1657192326403	OK	 
REQUEST		checkout	1657192323292	1657192326404	OK	 
REQUEST		checkout	1657192323276	1657192326404	OK	 
REQUEST		checkout	1657192323338	1657192326406	OK	 
REQUEST		checkout	1657192323276	1657192326407	OK	 
REQUEST		checkout	1657192322281	1657192326407	OK	 
REQUEST		checkout	1657192323200	1657192326407	OK	 
REQUEST		checkout	1657192323292	1657192326407	OK	 
REQUEST		checkout	1657192323338	1657192326409	OK	 
USER	product-cart	END	1657192326397
USER	product-cart	END	1657192326397
USER	product-cart	END	1657192326402
USER	product-cart	END	1657192326404
USER	product-cart	END	1657192326406
USER	product-cart	END	1657192326409
REQUEST		checkout	1657192322290	1657192326411	OK	 
USER	product-cart	END	1657192326411
USER	product-cart	END	1657192326413
USER	product-cart	END	1657192327172
USER	product-cart	END	1657192327172
USER	product-cart	END	1657192327172
USER	product-cart	END	1657192327187
USER	product-cart	END	1657192327187
USER	product-cart	END	1657192327187
USER	product-cart	END	1657192327188
USER	product-cart	END	1657192327203
USER	product-cart	END	1657192327265
USER	product-cart	END	1657192327265
USER	product-cart	END	1657192327281
USER	product-cart	END	1657192327281
USER	product-cart	END	1657192327281
USER	product-cart	END	1657192327282
USER	product-cart	END	1657192327311
USER	product-cart	END	1657192327311
USER	product-cart	END	1657192327311
USER	product-cart	END	1657192327312
USER	product-cart	END	1657192327326
USER	product-cart	END	1657192327327
USER	product-cart	END	1657192327327
USER	product-cart	END	1657192327403
USER	product-cart	END	1657192327403
USER	product-cart	END	1657192327418
USER	product-cart	END	1657192327418
USER	product-cart	END	1657192327418
USER	product-cart	END	1657192327418
USER	product-cart	END	1657192327419
USER	product-cart	END	1657192327419
USER	product-cart	END	1657192327419
USER	product-cart	END	1657192327419
USER	product-cart	END	1657192327419
USER	product-cart	END	1657192327419
